<?xml version="1.0" encoding="UTF-8"?>
<coverage generated="1519440659835" clover="3.2.0">
  <project timestamp="1519440659836" name="All files">
    <metrics statements="34" coveredstatements="15" conditionals="0" coveredconditionals="0" methods="21" coveredmethods="6" elements="55" coveredelements="21" complexity="0" loc="34" ncloc="34" packages="2" files="4" classes="4">
      <package name="CRNA_CircleCI">
        <metrics statements="28" coveredstatements="10" conditionals="0" coveredconditionals="0" methods="18" coveredmethods="4"/>
        <file name="App.js" path="/Users/nsmith6005/GitHub/CRNA_CircleCI/App.js">
          <metrics statements="28" coveredstatements="10" conditionals="0" coveredconditionals="0" methods="18" coveredmethods="4"/>
          <line num="7" count="1" type="stmt"/>
          <line num="14" count="1" type="stmt"/>
          <line num="15" count="1" type="stmt"/>
          <line num="19" count="1" type="stmt"/>
          <line num="20" count="1" type="stmt"/>
          <line num="22" count="0" type="stmt"/>
          <line num="25" count="1" type="stmt"/>
          <line num="28" count="1" type="stmt"/>
          <line num="31" count="0" type="stmt"/>
          <line num="34" count="1" type="stmt"/>
          <line num="47" count="0" type="stmt"/>
          <line num="48" count="0" type="stmt"/>
          <line num="52" count="0" type="stmt"/>
          <line num="53" count="0" type="stmt"/>
          <line num="58" count="0" type="stmt"/>
          <line num="59" count="0" type="stmt"/>
          <line num="63" count="0" type="stmt"/>
          <line num="64" count="0" type="stmt"/>
          <line num="68" count="0" type="stmt"/>
          <line num="73" count="1" type="stmt"/>
          <line num="75" count="0" type="stmt"/>
          <line num="76" count="0" type="stmt"/>
          <line num="77" count="0" type="stmt"/>
          <line num="82" count="0" type="stmt"/>
          <line num="88" count="0" type="stmt"/>
          <line num="92" count="0" type="stmt"/>
          <line num="93" count="0" type="stmt"/>
          <line num="98" count="1" type="stmt"/>
        </file>
      </package>
      <package name="CRNA_CircleCI.components">
        <metrics statements="6" coveredstatements="5" conditionals="0" coveredconditionals="0" methods="3" coveredmethods="2"/>
        <file name="Button.js" path="/Users/nsmith6005/GitHub/CRNA_CircleCI/components/Button.js">
          <metrics statements="2" coveredstatements="2" conditionals="0" coveredconditionals="0" methods="1" coveredmethods="1"/>
          <line num="5" count="1" type="stmt"/>
          <line num="14" count="1" type="stmt"/>
        </file>
        <file name="Header.js" path="/Users/nsmith6005/GitHub/CRNA_CircleCI/components/Header.js">
          <metrics statements="2" coveredstatements="2" conditionals="0" coveredconditionals="0" methods="1" coveredmethods="1"/>
          <line num="5" count="1" type="stmt"/>
          <line num="16" count="1" type="stmt"/>
        </file>
        <file name="ListItem.js" path="/Users/nsmith6005/GitHub/CRNA_CircleCI/components/ListItem.js">
          <metrics statements="2" coveredstatements="1" conditionals="0" coveredconditionals="0" methods="1" coveredmethods="0"/>
          <line num="5" count="0" type="stmt"/>
          <line num="14" count="1" type="stmt"/>
        </file>
      </package>
    </metrics>
  </project>
</coverage>
