TN:
SF:/Users/nsmith6005/GitHub/CRNA_CircleCI/App.js
FN:18,(anonymous_0)
FN:22,(anonymous_1)
FN:27,(anonymous_2)
FN:30,(anonymous_3)
FN:33,(anonymous_4)
FN:46,(anonymous_5)
FN:47,(anonymous_6)
FN:52,(anonymous_7)
FN:53,(anonymous_8)
FN:58,(anonymous_9)
FN:63,(anonymous_10)
FN:64,(anonymous_11)
FN:72,(anonymous_12)
FN:73,(anonymous_13)
FN:76,(anonymous_14)
FN:87,(anonymous_15)
FN:92,(anonymous_16)
FN:93,(anonymous_17)
FNF:18
FNH:4
FNDA:1,(anonymous_0)
FNDA:0,(anonymous_1)
FNDA:1,(anonymous_2)
FNDA:0,(anonymous_3)
FNDA:1,(anonymous_4)
FNDA:0,(anonymous_5)
FNDA:0,(anonymous_6)
FNDA:0,(anonymous_7)
FNDA:0,(anonymous_8)
FNDA:0,(anonymous_9)
FNDA:0,(anonymous_10)
FNDA:0,(anonymous_11)
FNDA:1,(anonymous_12)
FNDA:0,(anonymous_13)
FNDA:0,(anonymous_14)
FNDA:0,(anonymous_15)
FNDA:0,(anonymous_16)
FNDA:0,(anonymous_17)
DA:7,1
DA:14,1
DA:15,1
DA:19,1
DA:20,1
DA:22,0
DA:25,1
DA:28,1
DA:31,0
DA:34,1
DA:47,0
DA:48,0
DA:52,0
DA:53,0
DA:58,0
DA:59,0
DA:63,0
DA:64,0
DA:68,0
DA:73,1
DA:75,0
DA:76,0
DA:77,0
DA:82,0
DA:88,0
DA:92,0
DA:93,0
DA:98,1
LF:28
LH:10
BRF:0
BRH:0
end_of_record
TN:
SF:/Users/nsmith6005/GitHub/CRNA_CircleCI/components/Button.js
FN:4,(anonymous_0)
FNF:1
FNH:1
FNDA:1,(anonymous_0)
DA:5,1
DA:14,1
LF:2
LH:2
BRF:0
BRH:0
end_of_record
TN:
SF:/Users/nsmith6005/GitHub/CRNA_CircleCI/components/Header.js
FN:4,(anonymous_0)
FNF:1
FNH:1
FNDA:1,(anonymous_0)
DA:5,1
DA:16,1
LF:2
LH:2
BRF:0
BRH:0
end_of_record
TN:
SF:/Users/nsmith6005/GitHub/CRNA_CircleCI/components/ListItem.js
FN:4,(anonymous_0)
FNF:1
FNH:0
FNDA:0,(anonymous_0)
DA:5,0
DA:14,1
LF:2
LH:1
BRF:0
BRH:0
end_of_record
